{"timestamp":"2026-03-02T00:16:03.193062Z","level":"info","event":"DAG bundles loaded: dags-folder, example_dags","logger":"airflow.dag_processing.bundles.manager.DagBundlesManager","filename":"manager.py","lineno":179}
{"timestamp":"2026-03-02T00:16:03.193382Z","level":"info","event":"Filling up the DagBag from /Users/subhankarbiswas/airflow/dags/Lecture-1/download_rocket_launches.py","logger":"airflow.models.dagbag.BundleDagBag","filename":"dagbag.py","lineno":593}
{"timestamp":"2026-03-02T00:16:03.227168Z","level":"warning","event":"The `airflow.operators.bash.BashOperator` attribute is deprecated. Please use `'airflow.providers.standard.operators.bash.BashOperator'`.","category":"DeprecatedImportWarning","filename":"/Users/subhankarbiswas/airflow/dags/Lecture-1/download_rocket_launches.py","lineno":8,"logger":"py.warnings"}
{"timestamp":"2026-03-02T00:16:03.227243Z","level":"warning","event":"The `airflow.operators.python.PythonOperator` attribute is deprecated. Please use `'airflow.providers.standard.operators.python.PythonOperator'`.","category":"DeprecatedImportWarning","filename":"/Users/subhankarbiswas/airflow/dags/Lecture-1/download_rocket_launches.py","lineno":9,"logger":"py.warnings"}
{"timestamp":"2026-03-02T00:16:03.240417Z","level":"info","event":"Task instance is in running state","logger":"task.stdout"}
{"timestamp":"2026-03-02T00:16:03.240533Z","level":"info","event":" Previous state of the Task instance: TaskInstanceState.QUEUED","logger":"task.stdout"}
{"timestamp":"2026-03-02T00:16:03.240816Z","level":"info","event":"Current task name:download_launches","logger":"task.stdout"}
{"timestamp":"2026-03-02T00:16:03.240853Z","level":"info","event":"Dag name:download_rocket_launches","logger":"task.stdout"}
{"timestamp":"2026-03-02T00:16:03.241133Z","level":"info","event":"Tmp dir root location: /var/folders/b1/wmyxyb614r97qjky96lyz22r0000gn/T","logger":"airflow.task.hooks.airflow.providers.standard.hooks.subprocess.SubprocessHook","filename":"subprocess.py","lineno":78}
{"timestamp":"2026-03-02T00:16:03.241510Z","level":"info","event":"Running command: ['/opt/homebrew/bin/bash', '-c', \"curl -o /tmp/launches.json -L 'https://ll.thespacedevs.com/2.0.0/launch/upcoming'\"]","logger":"airflow.task.hooks.airflow.providers.standard.hooks.subprocess.SubprocessHook","filename":"subprocess.py","lineno":80}
{"timestamp":"2026-03-02T00:16:03.244782Z","level":"info","event":"Output:","logger":"airflow.task.hooks.airflow.providers.standard.hooks.subprocess.SubprocessHook","filename":"subprocess.py","lineno":92}
{"timestamp":"2026-03-02T00:16:03.261947Z","level":"info","event":"  % Total    % Received % Xferd  Average Speed   Time    Time     Time  Current","logger":"airflow.task.hooks.airflow.providers.standard.hooks.subprocess.SubprocessHook","filename":"subprocess.py","lineno":99}
{"timestamp":"2026-03-02T00:16:03.262070Z","level":"info","event":"                                 Dload  Upload   Total   Spent    Left  Speed","logger":"airflow.task.hooks.airflow.providers.standard.hooks.subprocess.SubprocessHook","filename":"subprocess.py","lineno":99}
{"timestamp":"2026-03-02T00:16:03.823503Z","level":"info","event":"\r  0     0    0     0    0     0      0      0 --:--:-- --:--:-- --:--:--     0\r  0     0    0     0    0     0      0      0 --:--:-- --:--:-- --:--:--     0","logger":"airflow.task.hooks.airflow.providers.standard.hooks.subprocess.SubprocessHook","filename":"subprocess.py","lineno":99}
{"timestamp":"2026-03-02T00:16:05.590741Z","level":"info","event":"\r  0     0    0     0    0     0      0      0 --:--:--  0:00:01 --:--:--     0\r  0 25698    0     0    0     0      0      0 --:--:--  0:00:02 --:--:--     0\r100 25698  100 25698    0     0  11035      0  0:00:02  0:00:02 --:--:-- 33504","logger":"airflow.task.hooks.airflow.providers.standard.hooks.subprocess.SubprocessHook","filename":"subprocess.py","lineno":99}
{"timestamp":"2026-03-02T00:16:05.595028Z","level":"info","event":"Command exited with return code 0","logger":"airflow.task.hooks.airflow.providers.standard.hooks.subprocess.SubprocessHook","filename":"subprocess.py","lineno":103}
{"timestamp":"2026-03-02T00:16:05.596657Z","level":"info","event":"Pushing xcom","ti":"RuntimeTaskInstance(id=UUID('019cabe6-e3dd-772c-9c2f-6cc33d3e2067'), task_id='download_launches', dag_id='download_rocket_launches', run_id='manual__2026-03-02T00:16:01.491263+00:00', try_number=1, dag_version_id=UUID('019cabdc-2289-7e71-8fc0-e2df0496dafd'), map_index=-1, hostname='subhankars-macbook-air.local', context_carrier={}, task=<Task(BashOperator): download_launches>, bundle_instance=LocalDagBundle(name=dags-folder), max_tries=0, start_date=datetime.datetime(2026, 3, 2, 0, 16, 2, 770729, tzinfo=datetime.timezone.utc), end_date=None, state=<TaskInstanceState.RUNNING: 'running'>, is_mapped=False, rendered_map_index=None)","logger":"task","filename":"task_runner.py","lineno":1522}
{"timestamp":"2026-03-02T00:16:05.620379Z","level":"info","event":"Task instance in success state","logger":"task.stdout"}
{"timestamp":"2026-03-02T00:16:05.620483Z","level":"info","event":" Previous state of the Task instance: TaskInstanceState.RUNNING","logger":"task.stdout"}
{"timestamp":"2026-03-02T00:16:05.621294Z","level":"info","event":"Task operator:<Task(BashOperator): download_launches>","logger":"task.stdout"}
